<?xml version="1.0" encoding="UTF-8"?>
<testsuite xmlns:xsi="http://www.w3.org/2001/XMLSchema-instance" xsi:noNamespaceSchemaLocation="https://maven.apache.org/surefire/maven-surefire-plugin/xsd/surefire-test-report-3.0.xsd" version="3.0" name="com.compass.testrunner.TestRunner" time="139.475" tests="20" errors="0" skipped="0" failures="0">
  <properties>
[...]
</properties>
  <testcase name="runScenario[&quot;Verify Vehicles Category views2&quot;, &quot;Optional[All are Sajim Tag Scenario]&quot;](1)" classname="com.compass.testrunner.TestRunner" time="39.42">
    <system-out><![CDATA[
@SAJIM @Release
Scenario: Verify Vehicles Category views3   # src/test/resources/features/UI/Dashboard/Dashboard_01_WikiOpen.feature:58

@SAJIM @Release
Scenario: Verify  Login Page fields2            # src/test/resources/features/UI/Dashboard/Dashboard_01_WikiOpen.feature:4

@SAJIM @Release
Scenario: Verify  Login Page fields3            # src/test/resources/features/UI/Dashboard/Dashboard_01_WikiOpen.feature:38

@SAJIM @Release
Scenario: Verify Property Category views3   # src/test/resources/features/UI/Dashboard/Dashboard_01_WikiOpen.feature:63

@SAJIM @Release
Scenario: Verify Mobile Category views3   # src/test/resources/features/UI/Dashboard/Dashboard_01_WikiOpen.feature:48

@SAJIM @Release
Scenario: Verify Electronics Category views3   # src/test/resources/features/UI/Dashboard/Dashboard_01_WikiOpen.feature:53

@SAJIM @Release
Scenario: Verify Vehicles Category views2   # src/test/resources/features/UI/Dashboard/Dashboard_01_WikiOpen.feature:24

@SAJIM @Release
Scenario: Verify Electronics Category views2   # src/test/resources/features/UI/Dashboard/Dashboard_01_WikiOpen.feature:19

@SAJIM @Release
Scenario: Verify Property Category views2   # src/test/resources/features/UI/Dashboard/Dashboard_01_WikiOpen.feature:29

@SAJIM @Release
Scenario: Verify Mobile Category views2   # src/test/resources/features/UI/Dashboard/Dashboard_01_WikiOpen.feature:14
Its From RemoteDriver Options http://localhost:4444/wd/hub Its From RemoteDriver Options http://localhost:4444/wd/hub Its From RemoteDriver Options http://localhost:4444/wd/hub Its From RemoteDriver Options @SAJIM Its From RemoteDriver Options http://localhost:4444/wd/hub Its From RemoteDriver Options @SAJIM Its From RemoteDriver Options @SAJIM Its From RemoteDriver Options @SAJIM Initializing WebDriver with IP: http://localhost:4444/wd/hub
Initializing WebDriver with IP: http://localhost:4444/wd/hub
Initializing WebDriver with IP: http://localhost:4444/wd/hub
Initializing WebDriver with IP: http://localhost:4444/wd/hub
Its From RemoteDriver Options http://localhost:4444/wd/hub Its From RemoteDriver Options http://localhost:4444/wd/hub Its From RemoteDriver Options http://localhost:4444/wd/hub Its From RemoteDriver Options @SAJIM Its From RemoteDriver Options @SAJIM Its From RemoteDriver Options @SAJIM Initializing WebDriver with IP: http://localhost:4444/wd/hub
Initializing WebDriver with IP: http://localhost:4444/wd/hub
Initializing WebDriver with IP: http://localhost:4444/wd/hub
 Browser name is chrome Its From RemoteDriver Options http://localhost:4444/wd/hub Its From RemoteDriver Options @SAJIM  Browser name is chrome  Browser name is chrome Initializing WebDriver with IP: http://localhost:4444/wd/hub
 Browser name is firefox Its From RemoteDriver Options http://localhost:4444/wd/hub Its From RemoteDriver Options @SAJIM Its From RemoteDriver Options http://localhost:4444/wd/hub  Browser name is chrome Initializing WebDriver with IP: http://localhost:4444/wd/hub
Its From RemoteDriver Options @SAJIM Initializing WebDriver with IP: http://localhost:4444/wd/hub
 Browser name is firefox  Browser name is firefox  Browser name is chrome  Browser name is chrome  Browser name is chrome Its From Chrome Options http://localhost:4444/wd/hub Its From Chrome Options http://localhost:4444/wd/hub Its From Chrome Options http://localhost:4444/wd/hub Its From Chrome Options http://localhost:4444/wd/hub Its From Chrome Options http://localhost:4444/wd/hub Its From Chrome Options http://localhost:4444/wd/hub Its From Chrome Options http://localhost:4444/wd/hub https://bikroy.com/en
https://bikroy.com/en
https://bikroy.com/en
2024-10-11 12:54:29 [TestNG-PoolService-3] INFO  com.compass.stepdefinitions.LoginSteps - Vehicles Category displayed
  Given I should see the Vehicles category2 # com.compass.stepdefinitions.LoginSteps.iShouldSeeTheVehiclesCategory2()
https://bikroy.com/en
https://bikroy.com/en
https://bikroy.com/en
2024-10-11 12:54:32 [TestNG-PoolService-4] INFO  com.compass.stepdefinitions.LoginSteps - Property Category displayed
  Given I should see the Property category2 # com.compass.stepdefinitions.LoginSteps.iShouldSeeThePropertyCategory2()
https://bikroy.com/en
https://bikroy.com/en
2024-10-11 12:54:33 [TestNG-PoolService-1] INFO  com.compass.stepdefinitions.LoginSteps - Mobile Category displayed
  Given I should see the Mobile category2 # com.compass.stepdefinitions.LoginSteps.iShouldSeeTheMobileCategory2()
2024-10-11 12:54:34 [TestNG-PoolService-5] INFO  com.compass.stepdefinitions.LoginSteps - Company Logo displayed
  Given I should see the login logo3            # com.compass.stepdefinitions.LoginSteps.i_should_see_the_compass_logo3()
2024-10-11 12:54:35 [TestNG-PoolService-2] INFO  com.compass.stepdefinitions.LoginSteps - Electronics Category displayed
  Given I should see the Electronics category2 # com.compass.stepdefinitions.LoginSteps.iShouldSeeTheElectronicsCategory2()
2024-10-11 12:54:35 [TestNG-PoolService-9] INFO  com.compass.stepdefinitions.LoginSteps - Property Category displayed
  Given I should see the Property category3 # com.compass.stepdefinitions.LoginSteps.iShouldSeeThePropertyCategory3()
2024-10-11 12:54:35 [TestNG-PoolService-0] INFO  com.compass.stepdefinitions.LoginSteps - Company Logo displayed
  Given I should see the login logo2            # com.compass.stepdefinitions.LoginSteps.i_should_see_the_compass_logo2()
2024-10-11 12:54:36 [TestNG-PoolService-7] INFO  com.compass.stepdefinitions.LoginSteps - Electronics Category displayed
  Given I should see the Electronics category3 # com.compass.stepdefinitions.LoginSteps.iShouldSeeTheElectronicsCategory3()
  Then I should Click on Vehicles Category2 # com.compass.stepdefinitions.LoginSteps.iShouldClickOnVehiclesCategory2()
  Then I should click on login logo3            # com.compass.stepdefinitions.LoginSteps.iShouldClickOnLoginLogo3()
  Then I should click on login logo2            # com.compass.stepdefinitions.LoginSteps.iShouldClickOnLoginLogo2()
2024-10-11 12:54:41 [TestNG-PoolService-5] INFO  com.compass.stepdefinitions.LoginSteps - email login displayed
  And I should see the email login options3     # com.compass.stepdefinitions.LoginSteps.iShouldSeeTheEmailLoginOptions3()
2024-10-11 12:54:45 [TestNG-PoolService-0] INFO  com.compass.stepdefinitions.LoginSteps - email login displayed
  And I should see the email login options2     # com.compass.stepdefinitions.LoginSteps.iShouldSeeTheEmailLoginOptions2()
  Then I should click on Email login options3   # com.compass.stepdefinitions.LoginSteps.iShouldClickOnEmailLoginOptions3()
2024-10-11 12:54:46 [TestNG-PoolService-3] INFO  com.compass.stepdefinitions.LoginSteps - Vehicles product displayed
  And I should See Vehicles product2        # com.compass.stepdefinitions.LoginSteps.iShouldSeeVehiclesProduct2()
2024-10-11 12:54:48 [TestNG-PoolService-5] INFO  com.compass.stepdefinitions.LoginSteps - username field displayed
  And I should see Username field on this page3 # com.compass.stepdefinitions.LoginSteps.iShouldSeeUsernameFieldOnThisPage3()
  Then I should click on Email login options2   # com.compass.stepdefinitions.LoginSteps.iShouldClickOnEmailLoginOptions2()
]]></system-out>
    <system-err><![CDATA[Oct 11, 2024 12:54:11 PM org.openqa.selenium.remote.tracing.opentelemetry.OpenTelemetryTracer createTracer
INFO: Using OpenTelemetry for tracing
Oct 11, 2024 12:54:18 PM org.openqa.selenium.remote.ProtocolHandshake createSession
INFO: Detected dialect: W3C
Oct 11, 2024 12:54:18 PM org.openqa.selenium.remote.ProtocolHandshake createSession
INFO: Detected dialect: W3C
Oct 11, 2024 12:54:18 PM org.openqa.selenium.remote.ProtocolHandshake createSession
INFO: Detected dialect: W3C
Oct 11, 2024 12:54:19 PM org.openqa.selenium.remote.ProtocolHandshake createSession
INFO: Detected dialect: W3C
Oct 11, 2024 12:54:19 PM org.openqa.selenium.remote.ProtocolHandshake createSession
INFO: Detected dialect: W3C
Oct 11, 2024 12:54:21 PM org.openqa.selenium.remote.ProtocolHandshake createSession
INFO: Detected dialect: W3C
Oct 11, 2024 12:54:21 PM org.openqa.selenium.remote.ProtocolHandshake createSession
INFO: Detected dialect: W3C
Oct 11, 2024 12:54:23 PM org.openqa.selenium.remote.ProtocolHandshake createSession
INFO: Detected dialect: W3C
]]></system-err>
  </testcase>
  <testcase name="runScenario[&quot;Verify Property Category views2&quot;, &quot;Optional[All are Sajim Tag Scenario]&quot;](2)" classname="com.compass.testrunner.TestRunner" time="9.133">
    <system-out><![CDATA[
@RAZIB @Release
Scenario: Verify  Login Page fields            # src/test/resources/features/UI/Login/Login.feature:4
Its From RemoteDriver Options http://localhost:4444/wd/hub Its From RemoteDriver Options  @RAZIB Initializing WebDriver with IP: http://localhost:4444/wd/hub
 Browser name is chrome Its From Chrome Options http://localhost:4444/wd/hub   When I should Input my Username3              # com.compass.stepdefinitions.LoginSteps.iShouldInputMyUsername3()
2024-10-11 12:54:51 [TestNG-PoolService-0] INFO  com.compass.stepdefinitions.LoginSteps - username field displayed
  And I should see Username field on this page2 # com.compass.stepdefinitions.LoginSteps.iShouldSeeUsernameFieldOnThisPage2()
  When I should Input my Username2              # com.compass.stepdefinitions.LoginSteps.iShouldInputMyUsername2()
  And I should Input my My Password3            # com.compass.stepdefinitions.LoginSteps.iShouldInputMyMyPassword3()
  Then I should Click on Property Category2 # com.compass.stepdefinitions.LoginSteps.iShouldClickOnPropertyCategory2()
  And I should Input my My Password2            # com.compass.stepdefinitions.LoginSteps.iShouldInputMyMyPassword2()
  Then I should Click on Mobile Category2 # com.compass.stepdefinitions.LoginSteps.iShouldClickOnMobileCategory2()
  Then I should Click on Property Category3 # com.compass.stepdefinitions.LoginSteps.iShouldClickOnPropertyCategory3()
2024-10-11 12:54:58 [TestNG-PoolService-4] INFO  com.compass.stepdefinitions.LoginSteps - Property product displayed
  And I should See Property product2        # com.compass.stepdefinitions.LoginSteps.iShouldSeePropertyProduct2()
  Then I should Click on Login Button3          # com.compass.stepdefinitions.LoginSteps.iShouldClickOnLoginButton3()
]]></system-out>
    <system-err><![CDATA[Oct 11, 2024 12:54:51 PM org.openqa.selenium.remote.ProtocolHandshake createSession
INFO: Detected dialect: W3C
]]></system-err>
  </testcase>
  <testcase name="runScenario[&quot;Verify  Login Page fields3&quot;, &quot;Optional[All are Sajim Tag Scenario]&quot;](3)" classname="com.compass.testrunner.TestRunner" time="1.514">
    <system-out><![CDATA[
@RAZIB @Release
Scenario: Verify Mobile Category views   # src/test/resources/features/UI/Login/Login.feature:14
Its From RemoteDriver Options http://localhost:4444/wd/hub Its From RemoteDriver Options  @RAZIB Initializing WebDriver with IP: http://localhost:4444/wd/hub
 Browser name is chrome Its From Chrome Options http://localhost:4444/wd/hub ]]></system-out>
    <system-err><![CDATA[Oct 11, 2024 12:55:00 PM org.openqa.selenium.remote.ProtocolHandshake createSession
INFO: Detected dialect: W3C
]]></system-err>
  </testcase>
  <testcase name="runScenario[&quot;Verify Mobile Category views2&quot;, &quot;Optional[All are Sajim Tag Scenario]&quot;](4)" classname="com.compass.testrunner.TestRunner" time="0.769">
    <system-out><![CDATA[
@RAZIB @Release
Scenario: Verify Electronics Category views   # src/test/resources/features/UI/Login/Login.feature:19
Its From RemoteDriver Options http://localhost:4444/wd/hub Its From RemoteDriver Options  @RAZIB Initializing WebDriver with IP: http://localhost:4444/wd/hub
 Browser name is chrome Its From Chrome Options http://localhost:4444/wd/hub 2024-10-11 12:55:01 [TestNG-PoolService-1] INFO  com.compass.stepdefinitions.LoginSteps - Mobile product displayed
  And I should See Mobile product2        # com.compass.stepdefinitions.LoginSteps.iShouldSeeMobileProduct2()
]]></system-out>
  </testcase>
  <testcase name="runScenario[&quot;Verify  Login Page fields2&quot;, &quot;Optional[All are Sajim Tag Scenario]&quot;](5)" classname="com.compass.testrunner.TestRunner" time="3.919">
    <system-out><![CDATA[
@RAZIB @Release
Scenario: Verify Vehicles Category views   # src/test/resources/features/UI/Login/Login.feature:24
Its From RemoteDriver Options http://localhost:4444/wd/hub Its From RemoteDriver Options  @RAZIB Initializing WebDriver with IP: http://localhost:4444/wd/hub
 Browser name is chrome Its From Chrome Options http://localhost:4444/wd/hub 2024-10-11 12:55:01 [TestNG-PoolService-9] INFO  com.compass.stepdefinitions.LoginSteps - Property product displayed
  And I should See Property product3        # com.compass.stepdefinitions.LoginSteps.iShouldSeePropertyProduct3()
  Then I should Click on Login Button2          # com.compass.stepdefinitions.LoginSteps.iShouldClickOnLoginButton2()
]]></system-out>
    <system-err><![CDATA[Oct 11, 2024 12:55:02 PM org.openqa.selenium.remote.ProtocolHandshake createSession
INFO: Detected dialect: W3C
]]></system-err>
  </testcase>
  <testcase name="runScenario[&quot;Verify Property Category views3&quot;, &quot;Optional[All are Sajim Tag Scenario]&quot;](6)" classname="com.compass.testrunner.TestRunner" time="0.592">
    <system-out><![CDATA[
@RAZIB @Release
Scenario: Verify Property Category views   # src/test/resources/features/UI/Login/Login.feature:29
Its From RemoteDriver Options http://localhost:4444/wd/hub Its From RemoteDriver Options  @RAZIB Initializing WebDriver with IP: http://localhost:4444/wd/hub
 Browser name is chrome Its From Chrome Options http://localhost:4444/wd/hub ]]></system-out>
  </testcase>
  <testcase name="runScenario[&quot;Verify Electronics Category views2&quot;, &quot;Optional[All are Sajim Tag Scenario]&quot;](7)" classname="com.compass.testrunner.TestRunner" time="10.986">
    <system-out><![CDATA[
@RAZIB @Release
Scenario: Verify  Login Page fields4            # src/test/resources/features/UI/Login/Login.feature:40
Its From RemoteDriver Options http://localhost:4444/wd/hub Its From RemoteDriver Options  @RAZIB Initializing WebDriver with IP: http://localhost:4444/wd/hub
 Browser name is chrome Its From Chrome Options http://localhost:4444/wd/hub https://bikroy.com/en
2024-10-11 12:55:08 [TestNG-PoolService-8] INFO  com.compass.stepdefinitions.LoginSteps - Vehicles Category displayed
  Given I should see the Vehicles category3 # com.compass.stepdefinitions.LoginSteps.iShouldSeeTheVehiclesCategory3()
  Then I should Click on Electronics Category2 # com.compass.stepdefinitions.LoginSteps.iShouldClickOnElectronicsCategory2()
https://bikroy.com/en
https://bikroy.com/en
https://bikroy.com/en
2024-10-11 12:55:13 [TestNG-PoolService-2] INFO  com.compass.stepdefinitions.LoginSteps - Electronics product displayed
  And I should See Electronics product2        # com.compass.stepdefinitions.LoginSteps.iShouldSeeElectronicsProduct2()
2024-10-11 12:55:13 [TestNG-PoolService-3] INFO  com.compass.stepdefinitions.LoginSteps - Company Logo displayed
  Given I should see the login logo            # com.compass.stepdefinitions.LoginSteps.i_should_see_the_compass_logo()
2024-10-11 12:55:16 [TestNG-PoolService-4] INFO  com.compass.stepdefinitions.LoginSteps - Mobile Category displayed
  Given I should see the Mobile category # com.compass.stepdefinitions.LoginSteps.iShouldSeeTheMobileCategory()
]]></system-out>
    <system-err><![CDATA[Oct 11, 2024 12:55:09 PM org.openqa.selenium.remote.ProtocolHandshake createSession
INFO: Detected dialect: W3C
Oct 11, 2024 12:55:10 PM org.openqa.selenium.remote.ProtocolHandshake createSession
INFO: Detected dialect: W3C
Oct 11, 2024 12:55:13 PM org.openqa.selenium.remote.ProtocolHandshake createSession
INFO: Detected dialect: W3C
]]></system-err>
  </testcase>
  <testcase name="runScenario[&quot;Verify Electronics Category views3&quot;, &quot;Optional[All are Sajim Tag Scenario]&quot;](8)" classname="com.compass.testrunner.TestRunner" time="12.125">
    <system-out><![CDATA[
@RAZIB @Release
Scenario: Verify Mobile Category views4   # src/test/resources/features/UI/Login/Login.feature:50
Its From RemoteDriver Options http://localhost:4444/wd/hub Its From RemoteDriver Options  @RAZIB Initializing WebDriver with IP: http://localhost:4444/wd/hub
 Browser name is chrome Its From Chrome Options http://localhost:4444/wd/hub   Then I should Click on Electronics Category3 # com.compass.stepdefinitions.LoginSteps.iShouldClickOnElectronicsCategory3()
  Then I should click on login logo            # com.compass.stepdefinitions.LoginSteps.iShouldClickOnLoginLogo()
2024-10-11 12:55:20 [TestNG-PoolService-7] INFO  com.compass.stepdefinitions.LoginSteps - Electronics product displayed
  And I should See Electronics product3        # com.compass.stepdefinitions.LoginSteps.iShouldSeeElectronicsProduct3()
https://bikroy.com/en
https://bikroy.com/en
2024-10-11 12:55:22 [TestNG-PoolService-0] INFO  com.compass.stepdefinitions.LoginSteps - Property Category displayed
  Given I should see the Property category # com.compass.stepdefinitions.LoginSteps.iShouldSeeThePropertyCategory()
2024-10-11 12:55:24 [TestNG-PoolService-3] INFO  com.compass.stepdefinitions.LoginSteps - email login displayed
  And I should see the email login options     # com.compass.stepdefinitions.LoginSteps.iShouldSeeTheEmailLoginOptions()
  Then I should click on Email login options   # com.compass.stepdefinitions.LoginSteps.iShouldClickOnEmailLoginOptions()
  Then I should Click on Property Category # com.compass.stepdefinitions.LoginSteps.iShouldClickOnPropertyCategory()
]]></system-out>
    <system-err><![CDATA[Oct 11, 2024 12:55:20 PM org.openqa.selenium.remote.ProtocolHandshake createSession
INFO: Detected dialect: W3C
]]></system-err>
  </testcase>
  <testcase name="runScenario[&quot;Verify Vehicles Category views3&quot;, &quot;Optional[All are Sajim Tag Scenario]&quot;](9)" classname="com.compass.testrunner.TestRunner" time="5.853">
    <system-out><![CDATA[
@RAZIB @Release
Scenario: Verify Electronics Category views4   # src/test/resources/features/UI/Login/Login.feature:55
Its From RemoteDriver Options http://localhost:4444/wd/hub Its From RemoteDriver Options  @RAZIB Initializing WebDriver with IP: http://localhost:4444/wd/hub
 Browser name is chrome Its From Chrome Options http://localhost:4444/wd/hub https://bikroy.com/en
2024-10-11 12:55:31 [TestNG-PoolService-3] INFO  com.compass.stepdefinitions.LoginSteps - username field displayed
  And I should see Username field on this page # com.compass.stepdefinitions.LoginSteps.iShouldSeeUsernameFieldOnThisPage()
  Then I should Click on Vehicles Category3 # com.compass.stepdefinitions.LoginSteps.iShouldClickOnVehiclesCategory3()
  When I should Input my Username              # com.compass.stepdefinitions.LoginSteps.iShouldInputMyUsername()
https://bikroy.com/en
2024-10-11 12:55:33 [TestNG-PoolService-6] INFO  com.compass.stepdefinitions.LoginSteps - Mobile Category displayed
  Given I should see the Mobile category3 # com.compass.stepdefinitions.LoginSteps.iShouldSeeTheMobileCategory3()
2024-10-11 12:55:34 [TestNG-PoolService-8] INFO  com.compass.stepdefinitions.LoginSteps - Vehicles product displayed
  And I should See Vehicles product3        # com.compass.stepdefinitions.LoginSteps.iShouldSeeVehiclesProduct3()
]]></system-out>
    <system-err><![CDATA[Oct 11, 2024 12:55:31 PM org.openqa.selenium.remote.ProtocolHandshake createSession
INFO: Detected dialect: W3C
]]></system-err>
  </testcase>
  <testcase name="runScenario[&quot;Verify Mobile Category views&quot;, &quot;Optional[Verify User Login page fields.]&quot;](10)" classname="com.compass.testrunner.TestRunner" time="7.849">
    <system-out><![CDATA[
@RAZIB @Release
Scenario: Verify Vehicles Category views4   # src/test/resources/features/UI/Login/Login.feature:60
Its From RemoteDriver Options http://localhost:4444/wd/hub Its From RemoteDriver Options  @RAZIB Initializing WebDriver with IP: http://localhost:4444/wd/hub
 Browser name is chrome Its From Chrome Options http://localhost:4444/wd/hub   And I should Input my My Password            # com.compass.stepdefinitions.LoginSteps.iShouldInputMyMyPassword()
2024-10-11 12:55:38 [TestNG-PoolService-9] INFO  com.compass.stepdefinitions.LoginSteps - Company Logo displayed
  Given I should see the login logo4            # com.compass.stepdefinitions.LoginSteps.i_should_see_the_compass_logo4()
  Then I should Click on Mobile Category # com.compass.stepdefinitions.LoginSteps.iShouldClickOnMobileCategory()
2024-10-11 12:55:39 [TestNG-PoolService-1] INFO  com.compass.stepdefinitions.LoginSteps - Vehicles Category displayed
  Given I should see the Vehicles category # com.compass.stepdefinitions.LoginSteps.iShouldSeeTheVehiclesCategory()
  Then I should click on login logo4            # com.compass.stepdefinitions.LoginSteps.iShouldClickOnLoginLogo4()
2024-10-11 12:55:42 [TestNG-PoolService-4] INFO  com.compass.stepdefinitions.LoginSteps - Mobile product displayed
  And I should See Mobile product        # com.compass.stepdefinitions.LoginSteps.iShouldSeeMobileProduct()
  Then I should Click on Login Button          # com.compass.stepdefinitions.LoginSteps.iShouldClickOnLoginButton()
]]></system-out>
    <system-err><![CDATA[Oct 11, 2024 12:55:37 PM org.openqa.selenium.remote.ProtocolHandshake createSession
INFO: Detected dialect: W3C
]]></system-err>
  </testcase>
  <testcase name="runScenario[&quot;Verify  Login Page fields&quot;, &quot;Optional[Verify User Login page fields.]&quot;](11)" classname="com.compass.testrunner.TestRunner" time="0.16">
    <system-out><![CDATA[
@RAZIB @Release
Scenario: Verify Property Category views4   # src/test/resources/features/UI/Login/Login.feature:65
Its From RemoteDriver Options http://localhost:4444/wd/hub Its From RemoteDriver Options  @RAZIB Initializing WebDriver with IP: http://localhost:4444/wd/hub
 Browser name is chrome Its From Chrome Options http://localhost:4444/wd/hub ]]></system-out>
  </testcase>
  <testcase name="runScenario[&quot;Verify Property Category views&quot;, &quot;Optional[Verify User Login page fields.]&quot;](12)" classname="com.compass.testrunner.TestRunner" time="15.583">
    <system-out><![CDATA[2024-10-11 12:55:45 [TestNG-PoolService-9] INFO  com.compass.stepdefinitions.LoginSteps - email login displayed
  And I should see the email login options4     # com.compass.stepdefinitions.LoginSteps.iShouldSeeTheEmailLoginOptions4()
  Then I should click on Email login options4   # com.compass.stepdefinitions.LoginSteps.iShouldClickOnEmailLoginOptions4()
  Then I should Click on Mobile Category3 # com.compass.stepdefinitions.LoginSteps.iShouldClickOnMobileCategory3()
https://bikroy.com/en
2024-10-11 12:55:51 [TestNG-PoolService-9] INFO  com.compass.stepdefinitions.LoginSteps - username field displayed
  And I should see Username field on this page4 # com.compass.stepdefinitions.LoginSteps.iShouldSeeUsernameFieldOnThisPage4()
https://bikroy.com/en
2024-10-11 12:55:53 [TestNG-PoolService-6] INFO  com.compass.stepdefinitions.LoginSteps - Mobile product displayed
  And I should See Mobile product3        # com.compass.stepdefinitions.LoginSteps.iShouldSeeMobileProduct3()
2024-10-11 12:55:53 [TestNG-PoolService-0] INFO  com.compass.stepdefinitions.LoginSteps - Property product displayed
  And I should See Property product        # com.compass.stepdefinitions.LoginSteps.iShouldSeePropertyProduct()
2024-10-11 12:55:54 [TestNG-PoolService-5] INFO  com.compass.stepdefinitions.LoginSteps - Electronics Category displayed
  Given I should see the Electronics category # com.compass.stepdefinitions.LoginSteps.iShouldSeeTheElectronicsCategory()
  When I should Input my Username4              # com.compass.stepdefinitions.LoginSteps.iShouldInputMyUsername4()
2024-10-11 12:55:55 [TestNG-PoolService-2] INFO  com.compass.stepdefinitions.LoginSteps - Mobile Category displayed
  Given I should see the Mobile category4 # com.compass.stepdefinitions.LoginSteps.iShouldSeeTheMobileCategory4()
]]></system-out>
    <system-err><![CDATA[Oct 11, 2024 12:55:46 PM org.openqa.selenium.remote.ProtocolHandshake createSession
INFO: Detected dialect: W3C
Oct 11, 2024 12:55:48 PM org.openqa.selenium.remote.ProtocolHandshake createSession
INFO: Detected dialect: W3C
]]></system-err>
  </testcase>
  <testcase name="runScenario[&quot;Verify Mobile Category views3&quot;, &quot;Optional[All are Sajim Tag Scenario]&quot;](13)" classname="com.compass.testrunner.TestRunner" time="15.655"/>
  <testcase name="runScenario[&quot;Verify Vehicles Category views&quot;, &quot;Optional[Verify User Login page fields.]&quot;](14)" classname="com.compass.testrunner.TestRunner" time="21.238">
    <system-out><![CDATA[  And I should Input my My Password4            # com.compass.stepdefinitions.LoginSteps.iShouldInputMyMyPassword4()
  Then I should Click on Vehicles Category # com.compass.stepdefinitions.LoginSteps.iShouldClickOnVehiclesCategory()
https://bikroy.com/en
2024-10-11 12:56:03 [TestNG-PoolService-1] INFO  com.compass.stepdefinitions.LoginSteps - Vehicles product displayed
  And I should See Vehicles product        # com.compass.stepdefinitions.LoginSteps.iShouldSeeVehiclesProduct()
]]></system-out>
    <system-err><![CDATA[Oct 11, 2024 12:56:01 PM org.openqa.selenium.remote.ProtocolHandshake createSession
INFO: Detected dialect: W3C
]]></system-err>
  </testcase>
  <testcase name="runScenario[&quot;Verify Electronics Category views&quot;, &quot;Optional[Verify User Login page fields.]&quot;](15)" classname="com.compass.testrunner.TestRunner" time="32.529">
    <system-out><![CDATA[https://bikroy.com/en
  Then I should Click on Login Button4          # com.compass.stepdefinitions.LoginSteps.iShouldClickOnLoginButton4()
2024-10-11 12:56:07 [TestNG-PoolService-4] INFO  com.compass.stepdefinitions.LoginSteps - Property Category displayed
  Given I should see the Property category4 # com.compass.stepdefinitions.LoginSteps.iShouldSeeThePropertyCategory4()
  Then I should Click on Electronics Category # com.compass.stepdefinitions.LoginSteps.iShouldClickOnElectronicsCategory()
2024-10-11 12:56:08 [TestNG-PoolService-7] INFO  com.compass.stepdefinitions.LoginSteps - Electronics Category displayed
  Given I should see the Electronics category4 # com.compass.stepdefinitions.LoginSteps.iShouldSeeTheElectronicsCategory4()
2024-10-11 12:56:11 [TestNG-PoolService-8] INFO  com.compass.stepdefinitions.LoginSteps - Vehicles Category displayed
  Given I should see the Vehicles category4 # com.compass.stepdefinitions.LoginSteps.iShouldSeeTheVehiclesCategory4()
2024-10-11 12:56:13 [TestNG-PoolService-5] INFO  com.compass.stepdefinitions.LoginSteps - Electronics product displayed
  And I should See Electronics product        # com.compass.stepdefinitions.LoginSteps.iShouldSeeElectronicsProduct()
  Then I should Click on Electronics Category4 # com.compass.stepdefinitions.LoginSteps.iShouldClickOnElectronicsCategory4()
]]></system-out>
  </testcase>
  <testcase name="runScenario[&quot;Verify  Login Page fields4&quot;, &quot;Optional[Verify User Login page fields.]&quot;](16)" classname="com.compass.testrunner.TestRunner" time="34.138"/>
  <testcase name="runScenario[&quot;Verify Mobile Category views4&quot;, &quot;Optional[Verify User Login page fields.]&quot;](17)" classname="com.compass.testrunner.TestRunner" time="37.995">
    <system-out><![CDATA[  Then I should Click on Mobile Category4 # com.compass.stepdefinitions.LoginSteps.iShouldClickOnMobileCategory4()
2024-10-11 12:56:20 [TestNG-PoolService-2] INFO  com.compass.stepdefinitions.LoginSteps - Mobile product displayed
  And I should See Mobile product4        # com.compass.stepdefinitions.LoginSteps.iShouldSeeMobileProduct4()
]]></system-out>
  </testcase>
  <testcase name="runScenario[&quot;Verify Electronics Category views4&quot;, &quot;Optional[Verify User Login page fields.]&quot;](18)" classname="com.compass.testrunner.TestRunner" time="38.5">
    <system-out><![CDATA[2024-10-11 12:56:21 [TestNG-PoolService-7] INFO  com.compass.stepdefinitions.LoginSteps - Electronics product displayed
  And I should See Electronics product4        # com.compass.stepdefinitions.LoginSteps.iShouldSeeElectronicsProduct4()
]]></system-out>
  </testcase>
  <testcase name="runScenario[&quot;Verify Property Category views4&quot;, &quot;Optional[Verify User Login page fields.]&quot;](19)" classname="com.compass.testrunner.TestRunner" time="44.199">
    <system-out><![CDATA[  Then I should Click on Property Category4 # com.compass.stepdefinitions.LoginSteps.iShouldClickOnPropertyCategory4()
  Then I should Click on Vehicles Category4 # com.compass.stepdefinitions.LoginSteps.iShouldClickOnVehiclesCategory4()
2024-10-11 12:56:26 [TestNG-PoolService-4] INFO  com.compass.stepdefinitions.LoginSteps - Property product displayed
  And I should See Property product4        # com.compass.stepdefinitions.LoginSteps.iShouldSeePropertyProduct4()
]]></system-out>
  </testcase>
  <testcase name="runScenario[&quot;Verify Vehicles Category views4&quot;, &quot;Optional[Verify User Login page fields.]&quot;](20)" classname="com.compass.testrunner.TestRunner" time="45.115">
    <system-out><![CDATA[2024-10-11 12:56:27 [TestNG-PoolService-8] INFO  com.compass.stepdefinitions.LoginSteps - Vehicles product displayed
  And I should See Vehicles product4        # com.compass.stepdefinitions.LoginSteps.iShouldSeeVehiclesProduct4()
]]></system-out>
  </testcase>
</testsuite>