<?xml version="1.0" encoding="UTF-8"?>
<testng-results ignored="0" total="20" passed="20" failed="0" skipped="0">
  <reporter-output>
  </reporter-output>
  <suite started-at="2024-10-11T12:54:09 BDT" name="Surefire suite" finished-at="2024-10-11T12:56:27 BDT" duration-ms="138255">
    <groups>
      <group name="cucumber">
        <method signature="AbstractTestNGCucumberTests.runScenario(io.cucumber.testng.PickleWrapper,io.cucumber.testng.FeatureWrapper)[pri:0, instance:com.compass.testrunner.TestRunner@2ca6546f]" name="runScenario" class="io.cucumber.testng.AbstractTestNGCucumberTests"/>
      </group> <!-- cucumber -->
    </groups>
    <test started-at="2024-10-11T12:54:09 BDT" name="Surefire test" finished-at="2024-10-11T12:56:27 BDT" duration-ms="138255">
      <class name="com.compass.testrunner.TestRunner">
        <test-method is-config="true" signature="setUpClass(org.testng.ITestContext)[pri:0, instance:com.compass.testrunner.TestRunner@2ca6546f]" started-at="2024-10-11T12:54:09 BDT" name="setUpClass" finished-at="2024-10-11T12:54:10 BDT" duration-ms="862" status="PASS">
          <params>
            <param index="0">
              <value>
                <![CDATA[org.testng.TestRunner@4dad8ec0]]>
              </value>
            </param>
          </params>
          <reporter-output>
          </reporter-output>
        </test-method> <!-- setUpClass -->
        <test-method signature="runScenario(io.cucumber.testng.PickleWrapper,io.cucumber.testng.FeatureWrapper)[pri:0, instance:com.compass.testrunner.TestRunner@2ca6546f]" started-at="2024-10-11T12:54:10 BDT" name="runScenario" description="Runs Cucumber Scenarios" data-provider="scenarios" finished-at="2024-10-11T12:55:58 BDT" duration-ms="107821" status="PASS">
          <params>
            <param index="0">
              <value>
                <![CDATA["Verify Mobile Category views3"]]>
              </value>
            </param>
            <param index="1">
              <value>
                <![CDATA["Optional[All are Sajim Tag Scenario]"]]>
              </value>
            </param>
          </params>
          <reporter-output>
          </reporter-output>
        </test-method> <!-- runScenario -->
        <test-method signature="runScenario(io.cucumber.testng.PickleWrapper,io.cucumber.testng.FeatureWrapper)[pri:0, instance:com.compass.testrunner.TestRunner@2ca6546f]" started-at="2024-10-11T12:54:10 BDT" name="runScenario" description="Runs Cucumber Scenarios" data-provider="scenarios" finished-at="2024-10-11T12:55:16 BDT" duration-ms="65706" status="PASS">
          <params>
            <param index="0">
              <value>
                <![CDATA["Verify Electronics Category views2"]]>
              </value>
            </param>
            <param index="1">
              <value>
                <![CDATA["Optional[All are Sajim Tag Scenario]"]]>
              </value>
            </param>
          </params>
          <reporter-output>
          </reporter-output>
        </test-method> <!-- runScenario -->
        <test-method signature="runScenario(io.cucumber.testng.PickleWrapper,io.cucumber.testng.FeatureWrapper)[pri:0, instance:com.compass.testrunner.TestRunner@2ca6546f]" started-at="2024-10-11T12:54:10 BDT" name="runScenario" description="Runs Cucumber Scenarios" data-provider="scenarios" finished-at="2024-10-11T12:55:01 BDT" duration-ms="50786" status="PASS">
          <params>
            <param index="0">
              <value>
                <![CDATA["Verify Mobile Category views2"]]>
              </value>
            </param>
            <param index="1">
              <value>
                <![CDATA["Optional[All are Sajim Tag Scenario]"]]>
              </value>
            </param>
          </params>
          <reporter-output>
          </reporter-output>
        </test-method> <!-- runScenario -->
        <test-method signature="runScenario(io.cucumber.testng.PickleWrapper,io.cucumber.testng.FeatureWrapper)[pri:0, instance:com.compass.testrunner.TestRunner@2ca6546f]" started-at="2024-10-11T12:54:10 BDT" name="runScenario" description="Runs Cucumber Scenarios" data-provider="scenarios" finished-at="2024-10-11T12:55:34 BDT" duration-ms="84284" status="PASS">
          <params>
            <param index="0">
              <value>
                <![CDATA["Verify Vehicles Category views3"]]>
              </value>
            </param>
            <param index="1">
              <value>
                <![CDATA["Optional[All are Sajim Tag Scenario]"]]>
              </value>
            </param>
          </params>
          <reporter-output>
          </reporter-output>
        </test-method> <!-- runScenario -->
        <test-method signature="runScenario(io.cucumber.testng.PickleWrapper,io.cucumber.testng.FeatureWrapper)[pri:0, instance:com.compass.testrunner.TestRunner@2ca6546f]" started-at="2024-10-11T12:54:10 BDT" name="runScenario" description="Runs Cucumber Scenarios" data-provider="scenarios" finished-at="2024-10-11T12:55:00 BDT" duration-ms="50018" status="PASS">
          <params>
            <param index="0">
              <value>
                <![CDATA["Verify  Login Page fields3"]]>
              </value>
            </param>
            <param index="1">
              <value>
                <![CDATA["Optional[All are Sajim Tag Scenario]"]]>
              </value>
            </param>
          </params>
          <reporter-output>
          </reporter-output>
        </test-method> <!-- runScenario -->
        <test-method signature="runScenario(io.cucumber.testng.PickleWrapper,io.cucumber.testng.FeatureWrapper)[pri:0, instance:com.compass.testrunner.TestRunner@2ca6546f]" started-at="2024-10-11T12:54:10 BDT" name="runScenario" description="Runs Cucumber Scenarios" data-provider="scenarios" finished-at="2024-10-11T12:54:49 BDT" duration-ms="38882" status="PASS">
          <params>
            <param index="0">
              <value>
                <![CDATA["Verify Vehicles Category views2"]]>
              </value>
            </param>
            <param index="1">
              <value>
                <![CDATA["Optional[All are Sajim Tag Scenario]"]]>
              </value>
            </param>
          </params>
          <reporter-output>
          </reporter-output>
        </test-method> <!-- runScenario -->
        <test-method signature="runScenario(io.cucumber.testng.PickleWrapper,io.cucumber.testng.FeatureWrapper)[pri:0, instance:com.compass.testrunner.TestRunner@2ca6546f]" started-at="2024-10-11T12:54:10 BDT" name="runScenario" description="Runs Cucumber Scenarios" data-provider="scenarios" finished-at="2024-10-11T12:54:59 BDT" duration-ms="48422" status="PASS">
          <params>
            <param index="0">
              <value>
                <![CDATA["Verify Property Category views2"]]>
              </value>
            </param>
            <param index="1">
              <value>
                <![CDATA["Optional[All are Sajim Tag Scenario]"]]>
              </value>
            </param>
          </params>
          <reporter-output>
          </reporter-output>
        </test-method> <!-- runScenario -->
        <test-method signature="runScenario(io.cucumber.testng.PickleWrapper,io.cucumber.testng.FeatureWrapper)[pri:0, instance:com.compass.testrunner.TestRunner@2ca6546f]" started-at="2024-10-11T12:54:10 BDT" name="runScenario" description="Runs Cucumber Scenarios" data-provider="scenarios" finished-at="2024-10-11T12:55:04 BDT" duration-ms="54023" status="PASS">
          <params>
            <param index="0">
              <value>
                <![CDATA["Verify  Login Page fields2"]]>
              </value>
            </param>
            <param index="1">
              <value>
                <![CDATA["Optional[All are Sajim Tag Scenario]"]]>
              </value>
            </param>
          </params>
          <reporter-output>
          </reporter-output>
        </test-method> <!-- runScenario -->
        <test-method signature="runScenario(io.cucumber.testng.PickleWrapper,io.cucumber.testng.FeatureWrapper)[pri:0, instance:com.compass.testrunner.TestRunner@2ca6546f]" started-at="2024-10-11T12:54:10 BDT" name="runScenario" description="Runs Cucumber Scenarios" data-provider="scenarios" finished-at="2024-10-11T12:55:29 BDT" duration-ms="78455" status="PASS">
          <params>
            <param index="0">
              <value>
                <![CDATA["Verify Electronics Category views3"]]>
              </value>
            </param>
            <param index="1">
              <value>
                <![CDATA["Optional[All are Sajim Tag Scenario]"]]>
              </value>
            </param>
          </params>
          <reporter-output>
          </reporter-output>
        </test-method> <!-- runScenario -->
        <test-method signature="runScenario(io.cucumber.testng.PickleWrapper,io.cucumber.testng.FeatureWrapper)[pri:0, instance:com.compass.testrunner.TestRunner@2ca6546f]" started-at="2024-10-11T12:54:10 BDT" name="runScenario" description="Runs Cucumber Scenarios" data-provider="scenarios" finished-at="2024-10-11T12:55:05 BDT" duration-ms="54896" status="PASS">
          <params>
            <param index="0">
              <value>
                <![CDATA["Verify Property Category views3"]]>
              </value>
            </param>
            <param index="1">
              <value>
                <![CDATA["Optional[All are Sajim Tag Scenario]"]]>
              </value>
            </param>
          </params>
          <reporter-output>
          </reporter-output>
        </test-method> <!-- runScenario -->
        <test-method signature="runScenario(io.cucumber.testng.PickleWrapper,io.cucumber.testng.FeatureWrapper)[pri:0, instance:com.compass.testrunner.TestRunner@2ca6546f]" started-at="2024-10-11T12:54:49 BDT" name="runScenario" description="Runs Cucumber Scenarios" data-provider="scenarios" finished-at="2024-10-11T12:55:42 BDT" duration-ms="53414" status="PASS">
          <params>
            <param index="0">
              <value>
                <![CDATA["Verify  Login Page fields"]]>
              </value>
            </param>
            <param index="1">
              <value>
                <![CDATA["Optional[Verify User Login page fields.]"]]>
              </value>
            </param>
          </params>
          <reporter-output>
          </reporter-output>
        </test-method> <!-- runScenario -->
        <test-method signature="runScenario(io.cucumber.testng.PickleWrapper,io.cucumber.testng.FeatureWrapper)[pri:0, instance:com.compass.testrunner.TestRunner@2ca6546f]" started-at="2024-10-11T12:54:59 BDT" name="runScenario" description="Runs Cucumber Scenarios" data-provider="scenarios" finished-at="2024-10-11T12:55:42 BDT" duration-ms="43727" status="PASS">
          <params>
            <param index="0">
              <value>
                <![CDATA["Verify Mobile Category views"]]>
              </value>
            </param>
            <param index="1">
              <value>
                <![CDATA["Optional[Verify User Login page fields.]"]]>
              </value>
            </param>
          </params>
          <reporter-output>
          </reporter-output>
        </test-method> <!-- runScenario -->
        <test-method signature="runScenario(io.cucumber.testng.PickleWrapper,io.cucumber.testng.FeatureWrapper)[pri:0, instance:com.compass.testrunner.TestRunner@2ca6546f]" started-at="2024-10-11T12:55:00 BDT" name="runScenario" description="Runs Cucumber Scenarios" data-provider="scenarios" finished-at="2024-10-11T12:56:15 BDT" duration-ms="74654" status="PASS">
          <params>
            <param index="0">
              <value>
                <![CDATA["Verify Electronics Category views"]]>
              </value>
            </param>
            <param index="1">
              <value>
                <![CDATA["Optional[Verify User Login page fields.]"]]>
              </value>
            </param>
          </params>
          <reporter-output>
          </reporter-output>
        </test-method> <!-- runScenario -->
        <test-method signature="runScenario(io.cucumber.testng.PickleWrapper,io.cucumber.testng.FeatureWrapper)[pri:0, instance:com.compass.testrunner.TestRunner@2ca6546f]" started-at="2024-10-11T12:55:01 BDT" name="runScenario" description="Runs Cucumber Scenarios" data-provider="scenarios" finished-at="2024-10-11T12:56:03 BDT" duration-ms="62610" status="PASS">
          <params>
            <param index="0">
              <value>
                <![CDATA["Verify Vehicles Category views"]]>
              </value>
            </param>
            <param index="1">
              <value>
                <![CDATA["Optional[Verify User Login page fields.]"]]>
              </value>
            </param>
          </params>
          <reporter-output>
          </reporter-output>
        </test-method> <!-- runScenario -->
        <test-method signature="runScenario(io.cucumber.testng.PickleWrapper,io.cucumber.testng.FeatureWrapper)[pri:0, instance:com.compass.testrunner.TestRunner@2ca6546f]" started-at="2024-10-11T12:55:04 BDT" name="runScenario" description="Runs Cucumber Scenarios" data-provider="scenarios" finished-at="2024-10-11T12:55:58 BDT" duration-ms="53707" status="PASS">
          <params>
            <param index="0">
              <value>
                <![CDATA["Verify Property Category views"]]>
              </value>
            </param>
            <param index="1">
              <value>
                <![CDATA["Optional[Verify User Login page fields.]"]]>
              </value>
            </param>
          </params>
          <reporter-output>
          </reporter-output>
        </test-method> <!-- runScenario -->
        <test-method signature="runScenario(io.cucumber.testng.PickleWrapper,io.cucumber.testng.FeatureWrapper)[pri:0, instance:com.compass.testrunner.TestRunner@2ca6546f]" started-at="2024-10-11T12:55:05 BDT" name="runScenario" description="Runs Cucumber Scenarios" data-provider="scenarios" finished-at="2024-10-11T12:56:16 BDT" duration-ms="71399" status="PASS">
          <params>
            <param index="0">
              <value>
                <![CDATA["Verify  Login Page fields4"]]>
              </value>
            </param>
            <param index="1">
              <value>
                <![CDATA["Optional[Verify User Login page fields.]"]]>
              </value>
            </param>
          </params>
          <reporter-output>
          </reporter-output>
        </test-method> <!-- runScenario -->
        <test-method signature="runScenario(io.cucumber.testng.PickleWrapper,io.cucumber.testng.FeatureWrapper)[pri:0, instance:com.compass.testrunner.TestRunner@2ca6546f]" started-at="2024-10-11T12:55:16 BDT" name="runScenario" description="Runs Cucumber Scenarios" data-provider="scenarios" finished-at="2024-10-11T12:56:20 BDT" duration-ms="64447" status="PASS">
          <params>
            <param index="0">
              <value>
                <![CDATA["Verify Mobile Category views4"]]>
              </value>
            </param>
            <param index="1">
              <value>
                <![CDATA["Optional[Verify User Login page fields.]"]]>
              </value>
            </param>
          </params>
          <reporter-output>
          </reporter-output>
        </test-method> <!-- runScenario -->
        <test-method signature="runScenario(io.cucumber.testng.PickleWrapper,io.cucumber.testng.FeatureWrapper)[pri:0, instance:com.compass.testrunner.TestRunner@2ca6546f]" started-at="2024-10-11T12:55:29 BDT" name="runScenario" description="Runs Cucumber Scenarios" data-provider="scenarios" finished-at="2024-10-11T12:56:21 BDT" duration-ms="52202" status="PASS">
          <params>
            <param index="0">
              <value>
                <![CDATA["Verify Electronics Category views4"]]>
              </value>
            </param>
            <param index="1">
              <value>
                <![CDATA["Optional[Verify User Login page fields.]"]]>
              </value>
            </param>
          </params>
          <reporter-output>
          </reporter-output>
        </test-method> <!-- runScenario -->
        <test-method signature="runScenario(io.cucumber.testng.PickleWrapper,io.cucumber.testng.FeatureWrapper)[pri:0, instance:com.compass.testrunner.TestRunner@2ca6546f]" started-at="2024-10-11T12:55:34 BDT" name="runScenario" description="Runs Cucumber Scenarios" data-provider="scenarios" finished-at="2024-10-11T12:56:27 BDT" duration-ms="52989" status="PASS">
          <params>
            <param index="0">
              <value>
                <![CDATA["Verify Vehicles Category views4"]]>
              </value>
            </param>
            <param index="1">
              <value>
                <![CDATA["Optional[Verify User Login page fields.]"]]>
              </value>
            </param>
          </params>
          <reporter-output>
          </reporter-output>
        </test-method> <!-- runScenario -->
        <test-method signature="runScenario(io.cucumber.testng.PickleWrapper,io.cucumber.testng.FeatureWrapper)[pri:0, instance:com.compass.testrunner.TestRunner@2ca6546f]" started-at="2024-10-11T12:55:42 BDT" name="runScenario" description="Runs Cucumber Scenarios" data-provider="scenarios" finished-at="2024-10-11T12:56:26 BDT" duration-ms="44207" status="PASS">
          <params>
            <param index="0">
              <value>
                <![CDATA["Verify Property Category views4"]]>
              </value>
            </param>
            <param index="1">
              <value>
                <![CDATA["Optional[Verify User Login page fields.]"]]>
              </value>
            </param>
          </params>
          <reporter-output>
          </reporter-output>
        </test-method> <!-- runScenario -->
        <test-method is-config="true" signature="tearDownClass()[pri:0, instance:com.compass.testrunner.TestRunner@2ca6546f]" started-at="2024-10-11T12:56:27 BDT" name="tearDownClass" finished-at="2024-10-11T12:56:27 BDT" duration-ms="15" status="PASS">
          <reporter-output>
          </reporter-output>
        </test-method> <!-- tearDownClass -->
      </class> <!-- com.compass.testrunner.TestRunner -->
    </test> <!-- Surefire test -->
  </suite> <!-- Surefire suite -->
</testng-results>
